<?xml version="1.0" encoding="UTF-8"?>
<!-- Generated by org.testng.reporters.JUnitReportReporter -->
<testsuite hostname="Sonalis-MBP.fritz.box" failures="0" tests="1" name="JAVA_IMP_QUESTIONS_PART1.Quotient_Remainder" time="0.009" errors="0" timestamp="2020-04-29T12:45:30 CEST" skipped="0">
  <testcase classname="JAVA_IMP_QUESTIONS_PART1.Quotient_Remainder" name="Calculate_QuotientRemainder" time="0.009"/>
</testsuite> <!-- JAVA_IMP_QUESTIONS_PART1.Quotient_Remainder -->
