<?xml version="1.0" encoding="UTF-8"?>
<!-- Generated by org.testng.reporters.JUnitReportReporter -->
<testsuite hostname="Sonalis-MBP.fritz.box" failures="0" tests="1" name="com.qa.seleniumconcepts.HandleFrameConcept" time="3.123" errors="0" timestamp="2020-04-25T12:04:43 CEST" skipped="0">
  <testcase classname="com.qa.seleniumconcepts.HandleFrameConcept" name="handleFrame" time="3.123"/>
</testsuite> <!-- com.qa.seleniumconcepts.HandleFrameConcept -->
