<?xml version="1.0" encoding="UTF-8"?>
<!-- Generated by org.testng.reporters.JUnitReportReporter -->
<testsuite hostname="Sonalis-MBP.fritz.box" failures="0" tests="1" name="JAVA_IMP_QUESTIONS_PART1.Multiply2FloatingNums" time="0.028" errors="0" timestamp="2020-04-29T12:18:28 CEST" skipped="0">
  <testcase classname="JAVA_IMP_QUESTIONS_PART1.Multiply2FloatingNums" name="addTwoIntegers" time="0.028"/>
</testsuite> <!-- JAVA_IMP_QUESTIONS_PART1.Multiply2FloatingNums -->
