<?xml version="1.0" encoding="UTF-8"?>
<!-- Generated by org.testng.reporters.JUnitReportReporter -->
<testsuite hostname="Sonalis-MBP.fritz.box" failures="0" tests="3" name="com.qa.hubspot.test.LoginPageTest" time="5.795" errors="0" timestamp="2020-05-03T23:40:43 CEST" skipped="1">
  <testcase classname="com.qa.hubspot.test.LoginPageTest" name="getPageTitleTest" time="4.932"/>
  <testcase classname="com.qa.hubspot.test.LoginPageTest" name="doLoginTest" time="0.863"/>
  <testcase classname="com.qa.hubspot.test.LoginPageTest" name="doLoginTest_InvalidData">
    <skipped/>
  </testcase> <!-- doLoginTest_InvalidData -->
</testsuite> <!-- com.qa.hubspot.test.LoginPageTest -->
