<?xml version="1.0" encoding="UTF-8"?>
<!-- Generated by org.testng.reporters.JUnitReportReporter -->
<testsuite hostname="Sonalis-MBP.fritz.box" failures="0" tests="1" name="com.qa.seleniumconcepts.MouseHover_Actions" time="13.351" errors="0" timestamp="2020-04-25T13:30:36 CEST" skipped="0">
  <testcase classname="com.qa.seleniumconcepts.MouseHover_Actions" name="handleDropDown" time="13.351"/>
</testsuite> <!-- com.qa.seleniumconcepts.MouseHover_Actions -->
