<?xml version="1.0" encoding="UTF-8"?>
<!-- Generated by org.testng.reporters.JUnitReportReporter -->
<testsuite hostname="Sonalis-MBP.fritz.box" failures="0" tests="1" name="com.qa.seleniumconcepts.FindTotalImages" time="4.580" errors="0" timestamp="2020-04-24T21:24:25 CEST" skipped="0">
  <testcase classname="com.qa.seleniumconcepts.FindTotalImages" name="getAllImages" time="4.580"/>
</testsuite> <!-- com.qa.seleniumconcepts.FindTotalImages -->
