<?xml version="1.0" encoding="UTF-8"?>
<!-- Generated by org.testng.reporters.JUnitReportReporter -->
<testsuite hostname="Sonalis-MBP.fritz.box" failures="0" tests="1" name="com.qa.seleniumconcepts.TakeScreenshotConcept" time="6.254" errors="0" timestamp="2020-04-25T21:57:17 CEST" skipped="0">
  <testcase classname="com.qa.seleniumconcepts.TakeScreenshotConcept" name="takeScreenshot" time="6.254"/>
</testsuite> <!-- com.qa.seleniumconcepts.TakeScreenshotConcept -->
