<?xml version="1.0" encoding="UTF-8"?>
<!-- Generated by org.testng.reporters.JUnitReportReporter -->
<testsuite hostname="Sonalis-MBP.fritz.box" failures="0" tests="1" name="com.qa.seleniumconcepts.FluentwaitConcept" time="5.822" errors="0" timestamp="2020-04-23T15:50:57 CEST" skipped="0">
  <testcase classname="com.qa.seleniumconcepts.FluentwaitConcept" name="waitforElementFluentWait" time="5.822"/>
</testsuite> <!-- com.qa.seleniumconcepts.FluentwaitConcept -->
