<?xml version="1.0" encoding="UTF-8"?>
<!-- Generated by org.testng.reporters.JUnitReportReporter -->
<testsuite hostname="Sonalis-MBP.fritz.box" failures="0" tests="1" name="com.qa.seleniumconcepts.FindElements_Links" time="4.688" errors="0" timestamp="2020-04-24T21:07:47 CEST" skipped="0">
  <testcase classname="com.qa.seleniumconcepts.FindElements_Links" name="getAllLinks" time="4.688"/>
</testsuite> <!-- com.qa.seleniumconcepts.FindElements_Links -->
