<?xml version="1.0" encoding="UTF-8"?>
<!-- Generated by org.testng.reporters.JUnitReportReporter -->
<testsuite hostname="Sonalis-MBP.fritz.box" failures="0" tests="1" name="JAVA_IMP_QUESTIONS_PART1.LargestAmong3Numbers" time="0.057" errors="0" timestamp="2020-04-29T15:42:10 CEST" skipped="0">
  <testcase classname="JAVA_IMP_QUESTIONS_PART1.LargestAmong3Numbers" name="LargestAmong3Nums" time="0.057"/>
</testsuite> <!-- JAVA_IMP_QUESTIONS_PART1.LargestAmong3Numbers -->
