<?xml version="1.0" encoding="UTF-8"?>
<!-- Generated by org.testng.reporters.JUnitReportReporter -->
<testsuite hostname="Sonalis-MBP.fritz.box" failures="0" tests="1" name="com.qa.seleniumconcepts.DragandDrop_Actions" time="6.189" errors="0" timestamp="2020-04-25T14:06:05 CEST" skipped="0">
  <testcase classname="com.qa.seleniumconcepts.DragandDrop_Actions" name="handleDragandDrop" time="6.189"/>
</testsuite> <!-- com.qa.seleniumconcepts.DragandDrop_Actions -->
