<?xml version="1.0" encoding="UTF-8"?>
<!-- Generated by org.testng.reporters.JUnitReportReporter -->
<testsuite hostname="Sonalis-MBP.fritz.box" failures="0" tests="1" name="JAVA_IMP_QUESTIONS_PART1.MultiplicationTable" time="0.012" errors="0" timestamp="2020-05-01T23:50:49 CEST" skipped="0">
  <testcase classname="JAVA_IMP_QUESTIONS_PART1.MultiplicationTable" name="getMultiplicationTable" time="0.012"/>
</testsuite> <!-- JAVA_IMP_QUESTIONS_PART1.MultiplicationTable -->
