<?xml version="1.0" encoding="UTF-8"?>
<!-- Generated by org.testng.reporters.JUnitReportReporter -->
<testsuite hostname="Sonalis-MBP.fritz.box" failures="0" tests="1" name="com.qa.seleniumconcepts.GetScroreCard_CricInfo" time="15.888" errors="0" timestamp="2020-04-27T17:53:01 CEST" skipped="0">
  <testcase classname="com.qa.seleniumconcepts.GetScroreCard_CricInfo" name="getScoreCardInfo" time="15.888"/>
</testsuite> <!-- com.qa.seleniumconcepts.GetScroreCard_CricInfo -->
