<?xml version="1.0" encoding="UTF-8"?>
<!-- Generated by org.testng.reporters.JUnitReportReporter -->
<testsuite hostname="Sonalis-MBP.fritz.box" failures="0" tests="1" name="com.qa.seleniumconcepts.XpathAxesConcept" time="16.885" errors="0" timestamp="2020-04-27T15:18:19 CEST" skipped="0">
  <testcase classname="com.qa.seleniumconcepts.XpathAxesConcept" name="xPathAxes" time="16.885"/>
</testsuite> <!-- com.qa.seleniumconcepts.XpathAxesConcept -->
