<?xml version="1.0" encoding="UTF-8"?>
<!-- Generated by org.testng.reporters.JUnitReportReporter -->
<testsuite hostname="Sonalis-MBP.fritz.box" failures="0" tests="1" name="com.qa.seleniumconcepts.RightClickConcept" time="5.495" errors="0" timestamp="2020-04-25T16:09:22 CEST" skipped="0">
  <testcase classname="com.qa.seleniumconcepts.RightClickConcept" name="handleRightClick" time="5.495"/>
</testsuite> <!-- com.qa.seleniumconcepts.RightClickConcept -->
