<?xml version="1.0" encoding="UTF-8"?>
<!-- Generated by org.testng.reporters.JUnitReportReporter -->
<testsuite hostname="Sonalis-MBP.fritz.box" failures="0" tests="1" name="JAVA_IMP_QUESTIONS_PART1.VowelConsonant" time="0.015" errors="0" timestamp="2020-04-29T15:27:32 CEST" skipped="0">
  <testcase classname="JAVA_IMP_QUESTIONS_PART1.VowelConsonant" name="VowelandConsonant" time="0.015"/>
</testsuite> <!-- JAVA_IMP_QUESTIONS_PART1.VowelConsonant -->
