<?xml version="1.0" encoding="UTF-8"?>
<!-- Generated by org.testng.reporters.JUnitReportReporter -->
<testsuite hostname="Sonalis-MBP.fritz.box" failures="0" tests="2" name="com.qa.seleniumconcepts.AnnotationConcepts" time="0.020" errors="0" timestamp="2020-04-29T18:39:22 CEST" skipped="0">
  <testcase classname="com.qa.seleniumconcepts.AnnotationConcepts" name="test1" time="0.007"/>
  <testcase classname="com.qa.seleniumconcepts.AnnotationConcepts" name="test2" time="0.013"/>
</testsuite> <!-- com.qa.seleniumconcepts.AnnotationConcepts -->
