<?xml version="1.0" encoding="UTF-8"?>
<!-- Generated by org.testng.reporters.JUnitReportReporter -->
<testsuite hostname="Sonalis-MBP.fritz.box" failures="0" tests="1" name="com.qa.seleniumconcepts.HandleWindowPopup" time="4.618" errors="0" timestamp="2020-04-24T20:27:56 CEST" skipped="0">
  <testcase classname="com.qa.seleniumconcepts.HandleWindowPopup" name="handleWindowPopup" time="4.618"/>
</testsuite> <!-- com.qa.seleniumconcepts.HandleWindowPopup -->
