<?xml version="1.0" encoding="UTF-8"?>
<!-- Generated by org.testng.reporters.JUnitReportReporter -->
<testsuite hostname="Sonalis-MBP.fritz.box" failures="0" tests="1" name="com.qa.seleniumconcepts.HandleDropDown" time="5.746" errors="0" timestamp="2020-04-24T22:38:41 CEST" skipped="0">
  <testcase classname="com.qa.seleniumconcepts.HandleDropDown" name="handleDropDown" time="5.746"/>
</testsuite> <!-- com.qa.seleniumconcepts.HandleDropDown -->
