<?xml version="1.0" encoding="UTF-8"?>
<!-- Generated by org.testng.reporters.JUnitReportReporter -->
<testsuite hostname="Sonalis-MBP.fritz.box" failures="0" tests="1" name="JAVA_IMP_QUESTIONS_PART1.AlphabetCheck" time="0.021" errors="0" timestamp="2020-05-01T23:27:32 CEST" skipped="0">
  <testcase classname="JAVA_IMP_QUESTIONS_PART1.AlphabetCheck" name="characterIsAlphabetOrNot" time="0.021"/>
</testsuite> <!-- JAVA_IMP_QUESTIONS_PART1.AlphabetCheck -->
