<?xml version="1.0" encoding="UTF-8"?>
<!-- Generated by org.testng.reporters.JUnitReportReporter -->
<testsuite hostname="Sonalis-MBP.fritz.box" failures="0" tests="1" name="JAVA_IMP_QUESTIONS_PART1.PrintIntegerEnteredByUser" time="9.364" errors="0" timestamp="2020-04-29T11:30:30 CEST" skipped="0">
  <testcase classname="JAVA_IMP_QUESTIONS_PART1.PrintIntegerEnteredByUser" name="printInteger" time="9.364"/>
</testsuite> <!-- JAVA_IMP_QUESTIONS_PART1.PrintIntegerEnteredByUser -->
