<?xml version="1.0" encoding="UTF-8"?>
<!-- Generated by org.testng.reporters.JUnitReportReporter -->
<testsuite hostname="Sonalis-MBP.fritz.box" failures="0" tests="1" name="com.qa.seleniumconcepts.TestUsingUtil" time="4.705" errors="0" timestamp="2020-04-26T10:50:49 CEST" skipped="0">
  <testcase classname="com.qa.seleniumconcepts.TestUsingUtil" name="testUtil" time="4.705"/>
</testsuite> <!-- com.qa.seleniumconcepts.TestUsingUtil -->
